This file contains any messages produced by compilers while
running configure, to aid debugging if configure makes a mistake.

It was created by mcbsystools configure mcbsystools, which was
generated by GNU Autoconf 2.64.  Invocation command line was

  $ ./configure --prefix=/usr --sysconfdir=/etc --host=powerpc-603e-linux-gnu --build=i686-host-linux-gnu

## --------- ##
## Platform. ##
## --------- ##

hostname = kplaws107lx
uname -m = i686
uname -r = 2.6.31-17-generic
uname -s = Linux
uname -v = #54-Ubuntu SMP Thu Dec 10 16:20:31 UTC 2009

/usr/bin/uname -p = unknown
/bin/uname -X     = unknown

/bin/arch              = unknown
/usr/bin/arch -k       = unknown
/usr/convex/getsysinfo = unknown
/usr/bin/hostinfo      = unknown
/bin/machine           = unknown
/usr/bin/oslevel       = unknown
/bin/universe          = unknown

PATH: /home/cschlote/src/ptx/ptxdist-projects.git/kp-ppc/platform-kp-mcb2-32/sysroot-cross/bin
PATH: /home/cschlote/src/ptx/ptxdist-projects.git/kp-ppc/platform-kp-mcb2-32/sysroot-cross/sbin
PATH: /home/cschlote/src/ptx/ptxdist-projects.git/kp-ppc/platform-kp-mcb2-32/sysroot-host/lib/ccache
PATH: /home/cschlote/src/ptx/ptxdist-projects.git/kp-ppc/platform-kp-mcb2-32/sysroot-host/bin
PATH: /home/cschlote/src/ptx/ptxdist-projects.git/kp-ppc/platform-kp-mcb2-32/sysroot-host/sbin
PATH: /home/cschlote/src/ptx/ptxdist-projects.git/kp-ppc/selected_toolchain
PATH: /home/cschlote/bin
PATH: /usr/local/sbin
PATH: /usr/local/bin
PATH: /usr/sbin
PATH: /usr/bin
PATH: /sbin
PATH: /bin
PATH: /usr/games


## ----------- ##
## Core tests. ##
## ----------- ##

configure:2245: checking build system type
configure:2259: result: i686-host-linux-gnu
configure:2279: checking host system type
configure:2292: result: powerpc-603e-linux-gnu
configure:2314: checking whether to enable maintainer-specific portions of Makefiles
configure:2323: result: no
configure:2365: checking for powerpc-603e-linux-gnu-gcc
configure:2392: result: powerpc-603e-linux-gnu-gcc
configure:2661: checking for C compiler version
configure:2670: powerpc-603e-linux-gnu-gcc --version >&5
powerpc-603e-linux-gnu-gcc (OSELAS.Toolchain-2010.01.0) 4.4.3
Copyright (C) 2010 Free Software Foundation, Inc.
This is free software; see the source for copying conditions.  There is NO
warranty; not even for MERCHANTABILITY or FITNESS FOR A PARTICULAR PURPOSE.

configure:2681: $? = 0
configure:2670: powerpc-603e-linux-gnu-gcc -v >&5
Using built-in specs.
Target: powerpc-603e-linux-gnu
Configured with: /home/cschlote/src/ptx/OSELAS.Toolchain-2010.01.0/platform-powerpc-603e-linux-gnu-gcc-4.4.3-eglibc-2.10-binutils-2.20-kernel-2.6.31-sanitized/build-cross/gcc-4.4.3/configure --target=powerpc-603e-linux-gnu --with-sysroot=/home/cschlote/src/ptx/OSELAS.Toolchain-2010.01.0/inst/opt/OSELAS.Toolchain-2010.01.0/powerpc-603e-linux-gnu/gcc-4.4.3-eglibc-2.10-binutils-2.20-kernel-2.6.31-sanitized/sysroot-powerpc-603e-linux-gnu --disable-multilib --with-cpu=603e --disable-altivec --enable-__cxa_atexit --disable-sjlj-exceptions --disable-nls --disable-decimal-float --disable-fixed-point --disable-win32-registry --enable-symvers=gnu --with-pkgversion=OSELAS.Toolchain-2010.01.0 --with-gmp=/home/cschlote/src/ptx/OSELAS.Toolchain-2010.01.0/platform-powerpc-603e-linux-gnu-gcc-4.4.3-eglibc-2.10-binutils-2.20-kernel-2.6.31-sanitized/sysroot-host --with-mpfr=/home/cschlote/src/ptx/OSELAS.Toolchain-2010.01.0/platform-powerpc-603e-linux-gnu-gcc-4.4.3-eglibc-2.10-binutils-2.20-kernel-2.6.31-sanitized/sysroot-host --prefix=/home/cschlote/src/ptx/OSELAS.Toolchain-2010.01.0/inst/opt/OSELAS.Toolchain-2010.01.0/powerpc-603e-linux-gnu/gcc-4.4.3-eglibc-2.10-binutils-2.20-kernel-2.6.31-sanitized --enable-languages=c,c++ --enable-threads=posix --enable-c99 --enable-long-long --enable-libstdcxx-debug --enable-profile --enable-shared --enable-libssp --enable-checking=release
Thread model: posix
gcc version 4.4.3 (OSELAS.Toolchain-2010.01.0) 
configure:2681: $? = 0
configure:2670: powerpc-603e-linux-gnu-gcc -V >&5
powerpc-603e-linux-gnu-gcc: '-V' option must have argument
configure:2681: $? = 1
configure:2670: powerpc-603e-linux-gnu-gcc -qversion >&5
powerpc-603e-linux-gnu-gcc: unrecognized option '-qversion'
powerpc-603e-linux-gnu-gcc: no input files
configure:2681: $? = 1
configure:2703: checking for C compiler default output file name
configure:2725: powerpc-603e-linux-gnu-gcc  -W -Wall -isystem /home/cschlote/src/ptx/ptxdist-projects.git/kp-ppc/platform-kp-mcb2-32/sysroot-target/include -isystem /home/cschlote/src/ptx/ptxdist-projects.git/kp-ppc/platform-kp-mcb2-32/sysroot-target/usr/include -L/home/cschlote/src/ptx/ptxdist-projects.git/kp-ppc/platform-kp-mcb2-32/sysroot-target/lib -L/home/cschlote/src/ptx/ptxdist-projects.git/kp-ppc/platform-kp-mcb2-32/sysroot-target/usr/lib -Wl,-rpath-link -Wl,/home/cschlote/src/ptx/ptxdist-projects.git/kp-ppc/platform-kp-mcb2-32/sysroot-target/lib -Wl,-rpath-link -Wl,/home/cschlote/src/ptx/ptxdist-projects.git/kp-ppc/platform-kp-mcb2-32/sysroot-target/usr/lib conftest.c  >&5
configure:2729: $? = 0
configure:2766: result: a.out
configure:2782: checking whether the C compiler works
configure:2810: result: yes
configure:2817: checking whether we are cross compiling
configure:2819: result: yes
configure:2822: checking for suffix of executables
configure:2829: powerpc-603e-linux-gnu-gcc -o conftest  -W -Wall -isystem /home/cschlote/src/ptx/ptxdist-projects.git/kp-ppc/platform-kp-mcb2-32/sysroot-target/include -isystem /home/cschlote/src/ptx/ptxdist-projects.git/kp-ppc/platform-kp-mcb2-32/sysroot-target/usr/include -L/home/cschlote/src/ptx/ptxdist-projects.git/kp-ppc/platform-kp-mcb2-32/sysroot-target/lib -L/home/cschlote/src/ptx/ptxdist-projects.git/kp-ppc/platform-kp-mcb2-32/sysroot-target/usr/lib -Wl,-rpath-link -Wl,/home/cschlote/src/ptx/ptxdist-projects.git/kp-ppc/platform-kp-mcb2-32/sysroot-target/lib -Wl,-rpath-link -Wl,/home/cschlote/src/ptx/ptxdist-projects.git/kp-ppc/platform-kp-mcb2-32/sysroot-target/usr/lib conftest.c  >&5
configure:2833: $? = 0
configure:2855: result: 
configure:2861: checking for suffix of object files
configure:2883: powerpc-603e-linux-gnu-gcc -c  -W -Wall -isystem /home/cschlote/src/ptx/ptxdist-projects.git/kp-ppc/platform-kp-mcb2-32/sysroot-target/include -isystem /home/cschlote/src/ptx/ptxdist-projects.git/kp-ppc/platform-kp-mcb2-32/sysroot-target/usr/include conftest.c >&5
configure:2887: $? = 0
configure:2908: result: o
configure:2912: checking whether we are using the GNU C compiler
configure:2931: powerpc-603e-linux-gnu-gcc -c  -W -Wall -isystem /home/cschlote/src/ptx/ptxdist-projects.git/kp-ppc/platform-kp-mcb2-32/sysroot-target/include -isystem /home/cschlote/src/ptx/ptxdist-projects.git/kp-ppc/platform-kp-mcb2-32/sysroot-target/usr/include conftest.c >&5
configure:2931: $? = 0
configure:2940: result: yes
configure:2949: checking whether powerpc-603e-linux-gnu-gcc accepts -g
configure:2969: powerpc-603e-linux-gnu-gcc -c -g -isystem /home/cschlote/src/ptx/ptxdist-projects.git/kp-ppc/platform-kp-mcb2-32/sysroot-target/include -isystem /home/cschlote/src/ptx/ptxdist-projects.git/kp-ppc/platform-kp-mcb2-32/sysroot-target/usr/include conftest.c >&5
configure:2969: $? = 0
configure:3010: result: yes
configure:3027: checking for powerpc-603e-linux-gnu-gcc option to accept ISO C89
configure:3091: powerpc-603e-linux-gnu-gcc  -c  -W -Wall -isystem /home/cschlote/src/ptx/ptxdist-projects.git/kp-ppc/platform-kp-mcb2-32/sysroot-target/include -isystem /home/cschlote/src/ptx/ptxdist-projects.git/kp-ppc/platform-kp-mcb2-32/sysroot-target/usr/include conftest.c >&5
configure:3091: $? = 0
configure:3104: result: none needed
configure:3149: checking for a sed that does not truncate output
configure:3213: result: /bin/sed
configure:3231: checking for grep that handles long lines and -e
configure:3289: result: /bin/grep
configure:3294: checking for egrep
configure:3356: result: /bin/grep -E
configure:3361: checking for fgrep
configure:3423: result: /bin/grep -F
configure:3458: checking for ld used by powerpc-603e-linux-gnu-gcc
configure:3525: result: powerpc-603e-linux-gnu-ld
configure:3532: checking if the linker (powerpc-603e-linux-gnu-ld) is GNU ld
configure:3547: result: yes
configure:3559: checking for BSD- or MS-compatible name lister (nm)
configure:3608: result: powerpc-603e-linux-gnu-nm
configure:3726: checking the name lister (powerpc-603e-linux-gnu-nm) interface
configure:3733: powerpc-603e-linux-gnu-gcc -c  -W -Wall -isystem /home/cschlote/src/ptx/ptxdist-projects.git/kp-ppc/platform-kp-mcb2-32/sysroot-target/include -isystem /home/cschlote/src/ptx/ptxdist-projects.git/kp-ppc/platform-kp-mcb2-32/sysroot-target/usr/include conftest.c >&5
configure:3736: powerpc-603e-linux-gnu-nm "conftest.o"
configure:3739: output
00000000 S some_variable
configure:3746: result: BSD nm
configure:3749: checking whether ln -s works
configure:3753: result: yes
configure:3761: checking the maximum length of command line arguments
configure:3881: result: 805306365
configure:3898: checking whether the shell understands some XSI constructs
configure:3908: result: yes
configure:3912: checking whether the shell understands "+="
configure:3918: result: yes
configure:3953: checking for powerpc-603e-linux-gnu-ld option to reload object files
configure:3960: result: -r
configure:3989: checking for powerpc-603e-linux-gnu-objdump
configure:4016: result: powerpc-603e-linux-gnu-objdump
configure:4088: checking how to recognize dependent libraries
configure:4284: result: pass_all
configure:4304: checking for powerpc-603e-linux-gnu-ar
configure:4331: result: powerpc-603e-linux-gnu-ar
configure:4409: checking for powerpc-603e-linux-gnu-strip
configure:4436: result: powerpc-603e-linux-gnu-strip
configure:4508: checking for powerpc-603e-linux-gnu-ranlib
configure:4535: result: powerpc-603e-linux-gnu-ranlib
configure:4665: checking command to parse powerpc-603e-linux-gnu-nm output from powerpc-603e-linux-gnu-gcc object
configure:4783: powerpc-603e-linux-gnu-gcc -c  -W -Wall -isystem /home/cschlote/src/ptx/ptxdist-projects.git/kp-ppc/platform-kp-mcb2-32/sysroot-target/include -isystem /home/cschlote/src/ptx/ptxdist-projects.git/kp-ppc/platform-kp-mcb2-32/sysroot-target/usr/include conftest.c >&5
configure:4786: $? = 0
configure:4790: powerpc-603e-linux-gnu-nm conftest.o \| sed -n -e 's/^.*[	 ]\([ABCDGIRSTW][ABCDGIRSTW]*\)[	 ][	 ]*\([_A-Za-z][_A-Za-z0-9]*\)$/\1 \2 \2/p' \> conftest.nm
configure:4793: $? = 0
configure:4847: powerpc-603e-linux-gnu-gcc -o conftest  -W -Wall -isystem /home/cschlote/src/ptx/ptxdist-projects.git/kp-ppc/platform-kp-mcb2-32/sysroot-target/include -isystem /home/cschlote/src/ptx/ptxdist-projects.git/kp-ppc/platform-kp-mcb2-32/sysroot-target/usr/include -L/home/cschlote/src/ptx/ptxdist-projects.git/kp-ppc/platform-kp-mcb2-32/sysroot-target/lib -L/home/cschlote/src/ptx/ptxdist-projects.git/kp-ppc/platform-kp-mcb2-32/sysroot-target/usr/lib -Wl,-rpath-link -Wl,/home/cschlote/src/ptx/ptxdist-projects.git/kp-ppc/platform-kp-mcb2-32/sysroot-target/lib -Wl,-rpath-link -Wl,/home/cschlote/src/ptx/ptxdist-projects.git/kp-ppc/platform-kp-mcb2-32/sysroot-target/usr/lib conftest.c conftstm.o >&5
configure:4850: $? = 0
configure:4888: result: ok
configure:4984: powerpc-603e-linux-gnu-gcc -c  -W -Wall -isystem /home/cschlote/src/ptx/ptxdist-projects.git/kp-ppc/platform-kp-mcb2-32/sysroot-target/include -isystem /home/cschlote/src/ptx/ptxdist-projects.git/kp-ppc/platform-kp-mcb2-32/sysroot-target/usr/include conftest.c >&5
configure:4987: $? = 0
configure:5697: checking how to run the C preprocessor
configure:5767: result: powerpc-603e-linux-gnu-cpp
configure:5787: powerpc-603e-linux-gnu-cpp -isystem /home/cschlote/src/ptx/ptxdist-projects.git/kp-ppc/platform-kp-mcb2-32/sysroot-target/include -isystem /home/cschlote/src/ptx/ptxdist-projects.git/kp-ppc/platform-kp-mcb2-32/sysroot-target/usr/include conftest.c
configure:5787: $? = 0
configure:5801: powerpc-603e-linux-gnu-cpp -isystem /home/cschlote/src/ptx/ptxdist-projects.git/kp-ppc/platform-kp-mcb2-32/sysroot-target/include -isystem /home/cschlote/src/ptx/ptxdist-projects.git/kp-ppc/platform-kp-mcb2-32/sysroot-target/usr/include conftest.c
conftest.c:9:28: error: ac_nonexistent.h: No such file or directory
configure:5801: $? = 1
configure: failed program was:
| /* confdefs.h */
| #define PACKAGE_NAME "mcbsystools"
| #define PACKAGE_TARNAME "mcbsystools"
| #define PACKAGE_VERSION "mcbsystools"
| #define PACKAGE_STRING "mcbsystools mcbsystools"
| #define PACKAGE_BUGREPORT "bugs@konzeptpark.de"
| #define PACKAGE_URL ""
| /* end confdefs.h.  */
| #include <ac_nonexistent.h>
configure:5830: checking for ANSI C header files
configure:5850: powerpc-603e-linux-gnu-gcc -c  -W -Wall -isystem /home/cschlote/src/ptx/ptxdist-projects.git/kp-ppc/platform-kp-mcb2-32/sysroot-target/include -isystem /home/cschlote/src/ptx/ptxdist-projects.git/kp-ppc/platform-kp-mcb2-32/sysroot-target/usr/include conftest.c >&5
configure:5850: $? = 0
configure:5934: result: yes
configure:5947: checking for sys/types.h
configure:5947: powerpc-603e-linux-gnu-gcc -c  -W -Wall -isystem /home/cschlote/src/ptx/ptxdist-projects.git/kp-ppc/platform-kp-mcb2-32/sysroot-target/include -isystem /home/cschlote/src/ptx/ptxdist-projects.git/kp-ppc/platform-kp-mcb2-32/sysroot-target/usr/include conftest.c >&5
configure:5947: $? = 0
configure:5947: result: yes
configure:5947: checking for sys/stat.h
configure:5947: powerpc-603e-linux-gnu-gcc -c  -W -Wall -isystem /home/cschlote/src/ptx/ptxdist-projects.git/kp-ppc/platform-kp-mcb2-32/sysroot-target/include -isystem /home/cschlote/src/ptx/ptxdist-projects.git/kp-ppc/platform-kp-mcb2-32/sysroot-target/usr/include conftest.c >&5
configure:5947: $? = 0
configure:5947: result: yes
configure:5947: checking for stdlib.h
configure:5947: powerpc-603e-linux-gnu-gcc -c  -W -Wall -isystem /home/cschlote/src/ptx/ptxdist-projects.git/kp-ppc/platform-kp-mcb2-32/sysroot-target/include -isystem /home/cschlote/src/ptx/ptxdist-projects.git/kp-ppc/platform-kp-mcb2-32/sysroot-target/usr/include conftest.c >&5
configure:5947: $? = 0
configure:5947: result: yes
configure:5947: checking for string.h
configure:5947: powerpc-603e-linux-gnu-gcc -c  -W -Wall -isystem /home/cschlote/src/ptx/ptxdist-projects.git/kp-ppc/platform-kp-mcb2-32/sysroot-target/include -isystem /home/cschlote/src/ptx/ptxdist-projects.git/kp-ppc/platform-kp-mcb2-32/sysroot-target/usr/include conftest.c >&5
configure:5947: $? = 0
configure:5947: result: yes
configure:5947: checking for memory.h
configure:5947: powerpc-603e-linux-gnu-gcc -c  -W -Wall -isystem /home/cschlote/src/ptx/ptxdist-projects.git/kp-ppc/platform-kp-mcb2-32/sysroot-target/include -isystem /home/cschlote/src/ptx/ptxdist-projects.git/kp-ppc/platform-kp-mcb2-32/sysroot-target/usr/include conftest.c >&5
configure:5947: $? = 0
configure:5947: result: yes
configure:5947: checking for strings.h
configure:5947: powerpc-603e-linux-gnu-gcc -c  -W -Wall -isystem /home/cschlote/src/ptx/ptxdist-projects.git/kp-ppc/platform-kp-mcb2-32/sysroot-target/include -isystem /home/cschlote/src/ptx/ptxdist-projects.git/kp-ppc/platform-kp-mcb2-32/sysroot-target/usr/include conftest.c >&5
configure:5947: $? = 0
configure:5947: result: yes
configure:5947: checking for inttypes.h
configure:5947: powerpc-603e-linux-gnu-gcc -c  -W -Wall -isystem /home/cschlote/src/ptx/ptxdist-projects.git/kp-ppc/platform-kp-mcb2-32/sysroot-target/include -isystem /home/cschlote/src/ptx/ptxdist-projects.git/kp-ppc/platform-kp-mcb2-32/sysroot-target/usr/include conftest.c >&5
configure:5947: $? = 0
configure:5947: result: yes
configure:5947: checking for stdint.h
configure:5947: powerpc-603e-linux-gnu-gcc -c  -W -Wall -isystem /home/cschlote/src/ptx/ptxdist-projects.git/kp-ppc/platform-kp-mcb2-32/sysroot-target/include -isystem /home/cschlote/src/ptx/ptxdist-projects.git/kp-ppc/platform-kp-mcb2-32/sysroot-target/usr/include conftest.c >&5
configure:5947: $? = 0
configure:5947: result: yes
configure:5947: checking for unistd.h
configure:5947: powerpc-603e-linux-gnu-gcc -c  -W -Wall -isystem /home/cschlote/src/ptx/ptxdist-projects.git/kp-ppc/platform-kp-mcb2-32/sysroot-target/include -isystem /home/cschlote/src/ptx/ptxdist-projects.git/kp-ppc/platform-kp-mcb2-32/sysroot-target/usr/include conftest.c >&5
configure:5947: $? = 0
configure:5947: result: yes
configure:5962: checking for dlfcn.h
configure:5962: powerpc-603e-linux-gnu-gcc -c  -W -Wall -isystem /home/cschlote/src/ptx/ptxdist-projects.git/kp-ppc/platform-kp-mcb2-32/sysroot-target/include -isystem /home/cschlote/src/ptx/ptxdist-projects.git/kp-ppc/platform-kp-mcb2-32/sysroot-target/usr/include conftest.c >&5
configure:5962: $? = 0
configure:5962: result: yes
configure:6146: checking for objdir
configure:6161: result: .libs
configure:6453: checking if powerpc-603e-linux-gnu-gcc supports -fno-rtti -fno-exceptions
configure:6471: powerpc-603e-linux-gnu-gcc -c  -W -Wall -isystem /home/cschlote/src/ptx/ptxdist-projects.git/kp-ppc/platform-kp-mcb2-32/sysroot-target/include -isystem /home/cschlote/src/ptx/ptxdist-projects.git/kp-ppc/platform-kp-mcb2-32/sysroot-target/usr/include -fno-rtti -fno-exceptions conftest.c >&5
cc1: warning: command line option "-fno-rtti" is valid for C++/ObjC++ but not for C
cc1: warning: command line option "-fno-rtti" is valid for C++/ObjC++ but not for C
configure:6475: $? = 0
configure:6488: result: no
configure:6508: checking for powerpc-603e-linux-gnu-gcc option to produce PIC
configure:6780: result: -fPIC -DPIC
configure:6792: checking if powerpc-603e-linux-gnu-gcc PIC flag -fPIC -DPIC works
configure:6810: powerpc-603e-linux-gnu-gcc -c  -W -Wall -isystem /home/cschlote/src/ptx/ptxdist-projects.git/kp-ppc/platform-kp-mcb2-32/sysroot-target/include -isystem /home/cschlote/src/ptx/ptxdist-projects.git/kp-ppc/platform-kp-mcb2-32/sysroot-target/usr/include -fPIC -DPIC -DPIC conftest.c >&5
configure:6814: $? = 0
configure:6827: result: yes
configure:6851: checking if powerpc-603e-linux-gnu-gcc static flag -static works
configure:6879: result: yes
configure:6894: checking if powerpc-603e-linux-gnu-gcc supports -c -o file.o
configure:6915: powerpc-603e-linux-gnu-gcc -c  -W -Wall -isystem /home/cschlote/src/ptx/ptxdist-projects.git/kp-ppc/platform-kp-mcb2-32/sysroot-target/include -isystem /home/cschlote/src/ptx/ptxdist-projects.git/kp-ppc/platform-kp-mcb2-32/sysroot-target/usr/include -o out/conftest2.o conftest.c >&5
configure:6919: $? = 0
configure:6941: result: yes
configure:6949: checking if powerpc-603e-linux-gnu-gcc supports -c -o file.o
configure:6996: result: yes
configure:7029: checking whether the powerpc-603e-linux-gnu-gcc linker (powerpc-603e-linux-gnu-ld) supports shared libraries
configure:8019: result: yes
configure:8056: checking whether -lc should be explicitly linked in
configure:8061: powerpc-603e-linux-gnu-gcc -c  -W -Wall -isystem /home/cschlote/src/ptx/ptxdist-projects.git/kp-ppc/platform-kp-mcb2-32/sysroot-target/include -isystem /home/cschlote/src/ptx/ptxdist-projects.git/kp-ppc/platform-kp-mcb2-32/sysroot-target/usr/include conftest.c >&5
configure:8064: $? = 0
configure:8079: powerpc-603e-linux-gnu-gcc -shared conftest.o  -v -Wl,-soname -Wl,conftest -o conftest 2\>\&1 \| /bin/grep  -lc  \>/dev/null 2\>\&1
configure:8082: $? = 0
configure:8094: result: no
configure:8258: checking dynamic linker characteristics
configure:8691: powerpc-603e-linux-gnu-gcc -o conftest  -W -Wall -isystem /home/cschlote/src/ptx/ptxdist-projects.git/kp-ppc/platform-kp-mcb2-32/sysroot-target/include -isystem /home/cschlote/src/ptx/ptxdist-projects.git/kp-ppc/platform-kp-mcb2-32/sysroot-target/usr/include -L/home/cschlote/src/ptx/ptxdist-projects.git/kp-ppc/platform-kp-mcb2-32/sysroot-target/lib -L/home/cschlote/src/ptx/ptxdist-projects.git/kp-ppc/platform-kp-mcb2-32/sysroot-target/usr/lib -Wl,-rpath-link -Wl,/home/cschlote/src/ptx/ptxdist-projects.git/kp-ppc/platform-kp-mcb2-32/sysroot-target/lib -Wl,-rpath-link -Wl,/home/cschlote/src/ptx/ptxdist-projects.git/kp-ppc/platform-kp-mcb2-32/sysroot-target/usr/lib -Wl,-rpath -Wl,/foo conftest.c  >&5
configure:8691: $? = 0
configure:8921: result: GNU/Linux ld.so
configure:9023: checking how to hardcode library paths into programs
configure:9048: result: immediate
configure:9568: checking whether stripping libraries is possible
configure:9573: result: yes
configure:9608: checking if libtool supports shared libraries
configure:9610: result: yes
configure:9613: checking whether to build shared libraries
configure:9634: result: yes
configure:9637: checking whether to build static libraries
configure:9641: result: yes
configure:9693: checking for a BSD-compatible install
configure:9761: result: /usr/bin/install -c
configure:9772: checking whether build environment is sane
configure:9822: result: yes
configure:9871: checking for powerpc-603e-linux-gnu-strip
configure:9898: result: powerpc-603e-linux-gnu-strip
configure:9963: checking for a thread-safe mkdir -p
configure:10002: result: /bin/mkdir -p
configure:10015: checking for gawk
configure:10031: found /usr/bin/gawk
configure:10042: result: gawk
configure:10053: checking whether make sets $(MAKE)
configure:10075: result: yes
configure:10105: checking for style of include used by make
configure:10133: result: GNU
configure:10218: checking dependency style of powerpc-603e-linux-gnu-gcc
configure:10328: result: gcc3
configure:10345: checking for library containing strerror
configure:10376: powerpc-603e-linux-gnu-gcc -o conftest  -W -Wall -isystem /home/cschlote/src/ptx/ptxdist-projects.git/kp-ppc/platform-kp-mcb2-32/sysroot-target/include -isystem /home/cschlote/src/ptx/ptxdist-projects.git/kp-ppc/platform-kp-mcb2-32/sysroot-target/usr/include -L/home/cschlote/src/ptx/ptxdist-projects.git/kp-ppc/platform-kp-mcb2-32/sysroot-target/lib -L/home/cschlote/src/ptx/ptxdist-projects.git/kp-ppc/platform-kp-mcb2-32/sysroot-target/usr/lib -Wl,-rpath-link -Wl,/home/cschlote/src/ptx/ptxdist-projects.git/kp-ppc/platform-kp-mcb2-32/sysroot-target/lib -Wl,-rpath-link -Wl,/home/cschlote/src/ptx/ptxdist-projects.git/kp-ppc/platform-kp-mcb2-32/sysroot-target/usr/lib conftest.c  >&5
configure:10376: $? = 0
configure:10393: result: none required
configure:10413: checking whether to enable debugging
configure:10425: result: yes
configure:10597: creating ./config.status

## ---------------------- ##
## Running config.status. ##
## ---------------------- ##

This file was extended by mcbsystools config.status mcbsystools, which was
generated by GNU Autoconf 2.64.  Invocation command line was

  CONFIG_FILES    = 
  CONFIG_HEADERS  = 
  CONFIG_LINKS    = 
  CONFIG_COMMANDS = 
  $ ./config.status 

on kplaws107lx

config.status:996: creating Makefile
config.status:996: creating src/Makefile
config.status:996: creating src/commonlib/Makefile
config.status:996: creating src/utils/Makefile
config.status:996: creating src/utils/scripts/Makefile
config.status:996: creating src/utils/umtscardtool/Makefile
config.status:996: creating src/etc/Makefile
config.status:1159: executing libtool commands
config.status:1159: executing depfiles commands

## ---------------- ##
## Cache variables. ##
## ---------------- ##

ac_cv_build=i686-host-linux-gnu
ac_cv_c_compiler_gnu=yes
ac_cv_env_CC_set=set
ac_cv_env_CC_value=powerpc-603e-linux-gnu-gcc
ac_cv_env_CFLAGS_set=
ac_cv_env_CFLAGS_value=
ac_cv_env_CPPFLAGS_set=set
ac_cv_env_CPPFLAGS_value='-isystem /home/cschlote/src/ptx/ptxdist-projects.git/kp-ppc/platform-kp-mcb2-32/sysroot-target/include -isystem /home/cschlote/src/ptx/ptxdist-projects.git/kp-ppc/platform-kp-mcb2-32/sysroot-target/usr/include'
ac_cv_env_CPP_set=set
ac_cv_env_CPP_value=powerpc-603e-linux-gnu-cpp
ac_cv_env_LDFLAGS_set=set
ac_cv_env_LDFLAGS_value='-L/home/cschlote/src/ptx/ptxdist-projects.git/kp-ppc/platform-kp-mcb2-32/sysroot-target/lib -L/home/cschlote/src/ptx/ptxdist-projects.git/kp-ppc/platform-kp-mcb2-32/sysroot-target/usr/lib -Wl,-rpath-link -Wl,/home/cschlote/src/ptx/ptxdist-projects.git/kp-ppc/platform-kp-mcb2-32/sysroot-target/lib -Wl,-rpath-link -Wl,/home/cschlote/src/ptx/ptxdist-projects.git/kp-ppc/platform-kp-mcb2-32/sysroot-target/usr/lib'
ac_cv_env_LIBS_set=
ac_cv_env_LIBS_value=
ac_cv_env_build_alias_set=set
ac_cv_env_build_alias_value=i686-host-linux-gnu
ac_cv_env_host_alias_set=set
ac_cv_env_host_alias_value=powerpc-603e-linux-gnu
ac_cv_env_target_alias_set=
ac_cv_env_target_alias_value=
ac_cv_file__dev_random=yes
ac_cv_file__proc_self_exe=yes
ac_cv_file__proc_self_fd=yes
ac_cv_file__proc_self_maps=yes
ac_cv_func_dcgettext=yes
ac_cv_func_fork=yes
ac_cv_func_fork_works=yes
ac_cv_func_getpgrp_void=yes
ac_cv_func_getrlimit=yes
ac_cv_func_iconv_open=yes
ac_cv_func_malloc_0_nonnull=yes
ac_cv_func_memcmp_clean=yes
ac_cv_func_memcmp_working=yes
ac_cv_func_nonposix_getgrgid_r=no
ac_cv_func_nonposix_getpwuid_r=no
ac_cv_func_posix_getgrgid_r=yes
ac_cv_func_posix_getpwnam_r=yes
ac_cv_func_posix_getpwuid_r=yes
ac_cv_func_printf_unix98=yes
ac_cv_func_realloc_0_nonnull=yes
ac_cv_func_setgrent_void=yes
ac_cv_func_setpgrp_void=yes
ac_cv_func_setvbuf_reversed=no
ac_cv_func_strstr=yes
ac_cv_func_strtod=yes
ac_cv_func_strtoul=yes
ac_cv_func_vsnprintf_c99=yes
ac_cv_have_abstract_sockets=yes
ac_cv_header_dlfcn_h=yes
ac_cv_header_inttypes_h=yes
ac_cv_header_memory_h=yes
ac_cv_header_stdc=yes
ac_cv_header_stdint_h=yes
ac_cv_header_stdlib_h=yes
ac_cv_header_string_h=yes
ac_cv_header_strings_h=yes
ac_cv_header_sys_stat_h=yes
ac_cv_header_sys_types_h=yes
ac_cv_header_unistd_h=yes
ac_cv_host=powerpc-603e-linux-gnu
ac_cv_lib_c_inet_aton=yes
ac_cv_objext=o
ac_cv_path_EGREP='/bin/grep -E'
ac_cv_path_FGREP='/bin/grep -F'
ac_cv_path_GREP=/bin/grep
ac_cv_path_SED=/bin/sed
ac_cv_path_install='/usr/bin/install -c'
ac_cv_path_mkdir=/bin/mkdir
ac_cv_prog_AR=powerpc-603e-linux-gnu-ar
ac_cv_prog_AWK=gawk
ac_cv_prog_CC=powerpc-603e-linux-gnu-gcc
ac_cv_prog_CPP=powerpc-603e-linux-gnu-cpp
ac_cv_prog_OBJDUMP=powerpc-603e-linux-gnu-objdump
ac_cv_prog_RANLIB=powerpc-603e-linux-gnu-ranlib
ac_cv_prog_STRIP=powerpc-603e-linux-gnu-strip
ac_cv_prog_cc_c89=
ac_cv_prog_cc_g=yes
ac_cv_prog_make_make_set=yes
ac_cv_search_strerror='none required'
ac_cv_sizeof_long_double=8
ac_cv_sizeof_long_long=8
ac_cv_sysv_ipc=yes
ac_cv_type_uintptr_t=yes
am_cv_CC_dependencies_compiler_type=gcc3
bash_cv_func_ctype_nonascii=yes
bash_cv_func_sigsetjmp=present
bash_cv_func_strcoll_broken=no
bash_cv_must_reinstall_sighandlers=no
glib_cv_long_long_format=ll
gt_cv_func_gettext_libintl=yes
lt_cv_deplibs_check_method=pass_all
lt_cv_file_magic_cmd='$MAGIC_CMD'
lt_cv_file_magic_test_file=
lt_cv_ld_reload_flag=-r
lt_cv_nm_interface='BSD nm'
lt_cv_objdir=.libs
lt_cv_path_LD=powerpc-603e-linux-gnu-ld
lt_cv_path_NM=powerpc-603e-linux-gnu-nm
lt_cv_prog_compiler_c_o=yes
lt_cv_prog_compiler_pic_works=yes
lt_cv_prog_compiler_rtti_exceptions=no
lt_cv_prog_compiler_static_works=yes
lt_cv_prog_gnu_ld=yes
lt_cv_sys_global_symbol_pipe='sed -n -e '\''s/^.*[	 ]\([ABCDGIRSTW][ABCDGIRSTW]*\)[	 ][	 ]*\([_A-Za-z][_A-Za-z0-9]*\)$/\1 \2 \2/p'\'''
lt_cv_sys_global_symbol_to_c_name_address='sed -n -e '\''s/^: \([^ ]*\) $/  {\"\1\", (void *) 0},/p'\'' -e '\''s/^[ABCDGIRSTW]* \([^ ]*\) \([^ ]*\)$/  {"\2", (void *) \&\2},/p'\'''
lt_cv_sys_global_symbol_to_c_name_address_lib_prefix='sed -n -e '\''s/^: \([^ ]*\) $/  {\"\1\", (void *) 0},/p'\'' -e '\''s/^[ABCDGIRSTW]* \([^ ]*\) \(lib[^ ]*\)$/  {"\2", (void *) \&\2},/p'\'' -e '\''s/^[ABCDGIRSTW]* \([^ ]*\) \([^ ]*\)$/  {"lib\2", (void *) \&\2},/p'\'''
lt_cv_sys_global_symbol_to_cdecl='sed -n -e '\''s/^T .* \(.*\)$/extern int \1();/p'\'' -e '\''s/^[ABCDGIRSTW]* .* \(.*\)$/extern char \1;/p'\'''
lt_cv_sys_max_cmd_len=805306365

## ----------------- ##
## Output variables. ##
## ----------------- ##

ACLOCAL='${SHELL} /home/cschlote/src/ptx/ptxdist-projects.git/kp-ppc/platform-kp-mcb2-32/build-target/mcbsystools-1.1/missing --run aclocal-1.11'
AMDEPBACKSLASH='\'
AMDEP_FALSE='#'
AMDEP_TRUE=''
AMTAR='${SHELL} /home/cschlote/src/ptx/ptxdist-projects.git/kp-ppc/platform-kp-mcb2-32/build-target/mcbsystools-1.1/missing --run tar'
AR='powerpc-603e-linux-gnu-ar'
AUTOCONF='${SHELL} /home/cschlote/src/ptx/ptxdist-projects.git/kp-ppc/platform-kp-mcb2-32/build-target/mcbsystools-1.1/missing --run autoconf'
AUTOHEADER='${SHELL} /home/cschlote/src/ptx/ptxdist-projects.git/kp-ppc/platform-kp-mcb2-32/build-target/mcbsystools-1.1/missing --run autoheader'
AUTOMAKE='${SHELL} /home/cschlote/src/ptx/ptxdist-projects.git/kp-ppc/platform-kp-mcb2-32/build-target/mcbsystools-1.1/missing --run automake-1.11'
AWK='gawk'
CC='powerpc-603e-linux-gnu-gcc'
CCDEPMODE='depmode=gcc3'
CFLAGS=' -W -Wall -Wall -Wsign-compare -Wfloat-equal -Wformat-security -g -O1'
CPP='powerpc-603e-linux-gnu-cpp'
CPPFLAGS='-isystem /home/cschlote/src/ptx/ptxdist-projects.git/kp-ppc/platform-kp-mcb2-32/sysroot-target/include -isystem /home/cschlote/src/ptx/ptxdist-projects.git/kp-ppc/platform-kp-mcb2-32/sysroot-target/usr/include'
CYGPATH_W='echo'
DEFS='-DPACKAGE_NAME=\"mcbsystools\" -DPACKAGE_TARNAME=\"mcbsystools\" -DPACKAGE_VERSION=\"mcbsystools\" -DPACKAGE_STRING=\"mcbsystools\ mcbsystools\" -DPACKAGE_BUGREPORT=\"bugs@konzeptpark.de\" -DPACKAGE_URL=\"\" -DSTDC_HEADERS=1 -DHAVE_SYS_TYPES_H=1 -DHAVE_SYS_STAT_H=1 -DHAVE_STDLIB_H=1 -DHAVE_STRING_H=1 -DHAVE_MEMORY_H=1 -DHAVE_STRINGS_H=1 -DHAVE_INTTYPES_H=1 -DHAVE_STDINT_H=1 -DHAVE_UNISTD_H=1 -DHAVE_DLFCN_H=1 -DLT_OBJDIR=\".libs/\" -DPACKAGE=\"mcbsystools\" -DVERSION=\"mcbsystools\" -DDEBUG=1'
DEPDIR='.deps'
DSYMUTIL=''
DUMPBIN=''
ECHO_C=''
ECHO_N='-n'
ECHO_T=''
EGREP='/bin/grep -E'
EXEEXT=''
FGREP='/bin/grep -F'
GREP='/bin/grep'
INSTALL_DATA='${INSTALL} -m 644'
INSTALL_PROGRAM='${INSTALL}'
INSTALL_SCRIPT='${INSTALL}'
INSTALL_STRIP_PROGRAM='$(install_sh) -c -s'
LD='powerpc-603e-linux-gnu-ld'
LDFLAGS='-L/home/cschlote/src/ptx/ptxdist-projects.git/kp-ppc/platform-kp-mcb2-32/sysroot-target/lib -L/home/cschlote/src/ptx/ptxdist-projects.git/kp-ppc/platform-kp-mcb2-32/sysroot-target/usr/lib -Wl,-rpath-link -Wl,/home/cschlote/src/ptx/ptxdist-projects.git/kp-ppc/platform-kp-mcb2-32/sysroot-target/lib -Wl,-rpath-link -Wl,/home/cschlote/src/ptx/ptxdist-projects.git/kp-ppc/platform-kp-mcb2-32/sysroot-target/usr/lib'
LIBOBJS=''
LIBS=''
LIBTOOL='$(SHELL) $(top_builddir)/libtool'
LIPO=''
LN_S='ln -s'
LTLIBOBJS=''
LT_AGE='0'
LT_CURRENT='0'
LT_REVISION='0'
MAINT='#'
MAINTAINER_MODE_FALSE=''
MAINTAINER_MODE_TRUE='#'
MAKEINFO='${SHELL} /home/cschlote/src/ptx/ptxdist-projects.git/kp-ppc/platform-kp-mcb2-32/build-target/mcbsystools-1.1/missing --run makeinfo'
MKDIR_P='/bin/mkdir -p'
NM='powerpc-603e-linux-gnu-nm'
NMEDIT=''
OBJDUMP='powerpc-603e-linux-gnu-objdump'
OBJEXT='o'
OTOOL64=''
OTOOL=''
PACKAGE='mcbsystools'
PACKAGE_BUGREPORT='bugs@konzeptpark.de'
PACKAGE_NAME='mcbsystools'
PACKAGE_STRING='mcbsystools mcbsystools'
PACKAGE_TARNAME='mcbsystools'
PACKAGE_URL=''
PACKAGE_VERSION='mcbsystools'
PATH_SEPARATOR=':'
RANLIB='powerpc-603e-linux-gnu-ranlib'
SED='/bin/sed'
SET_MAKE=''
SHELL='/bin/bash'
STRIP='powerpc-603e-linux-gnu-strip'
VERSION='mcbsystools'
ac_ct_CC=''
ac_ct_DUMPBIN=''
am__EXEEXT_FALSE=''
am__EXEEXT_TRUE='#'
am__fastdepCC_FALSE='#'
am__fastdepCC_TRUE=''
am__include='include'
am__isrc=''
am__leading_dot='.'
am__quote=''
am__tar='${AMTAR} chof - "$$tardir"'
am__untar='${AMTAR} xf -'
bindir='${exec_prefix}/bin'
build='i686-host-linux-gnu'
build_alias='i686-host-linux-gnu'
build_cpu='i686'
build_os='linux-gnu'
build_vendor='host'
datadir='${datarootdir}'
datarootdir='${prefix}/share'
docdir='${datarootdir}/doc/${PACKAGE_TARNAME}'
dvidir='${docdir}'
exec_prefix='${prefix}'
host='powerpc-603e-linux-gnu'
host_alias='powerpc-603e-linux-gnu'
host_cpu='powerpc'
host_os='linux-gnu'
host_vendor='603e'
htmldir='${docdir}'
includedir='${prefix}/include'
infodir='${datarootdir}/info'
install_sh='${SHELL} /home/cschlote/src/ptx/ptxdist-projects.git/kp-ppc/platform-kp-mcb2-32/build-target/mcbsystools-1.1/install-sh'
libdir='${exec_prefix}/lib'
libexecdir='${exec_prefix}/libexec'
localedir='${datarootdir}/locale'
localstatedir='${prefix}/var'
lt_ECHO='echo'
mandir='${datarootdir}/man'
mkdir_p='/bin/mkdir -p'
oldincludedir='/usr/include'
pdfdir='${docdir}'
prefix='/usr'
program_transform_name='s,x,x,'
psdir='${docdir}'
sbindir='${exec_prefix}/sbin'
sharedstatedir='${prefix}/com'
sysconfdir='/etc'
target_alias=''

## ----------- ##
## confdefs.h. ##
## ----------- ##

/* confdefs.h */
#define PACKAGE_NAME "mcbsystools"
#define PACKAGE_TARNAME "mcbsystools"
#define PACKAGE_VERSION "mcbsystools"
#define PACKAGE_STRING "mcbsystools mcbsystools"
#define PACKAGE_BUGREPORT "bugs@konzeptpark.de"
#define PACKAGE_URL ""
#define STDC_HEADERS 1
#define HAVE_SYS_TYPES_H 1
#define HAVE_SYS_STAT_H 1
#define HAVE_STDLIB_H 1
#define HAVE_STRING_H 1
#define HAVE_MEMORY_H 1
#define HAVE_STRINGS_H 1
#define HAVE_INTTYPES_H 1
#define HAVE_STDINT_H 1
#define HAVE_UNISTD_H 1
#define HAVE_DLFCN_H 1
#define LT_OBJDIR ".libs/"
#define PACKAGE "mcbsystools"
#define VERSION "mcbsystools"
#define DEBUG 1

configure: exit 0
